<?xml version="1.0" encoding="UTF-8"?>
<beans xmlns:xsi="http://www.w3.org/2001/XMLSchema-instance"
       xmlns="http://www.springframework.org/schema/beans" xmlns:context="http://www.springframework.org/schema/context"
       xsi:schemaLocation="http://www.springframework.org/schema/beans
       http://www.springframework.org/schema/beans/spring-beans.xsd http://www.springframework.org/schema/context http://www.springframework.org/schema/context/spring-context.xsd">

        <bean id="namedParameterJdbcTemplate" class="org.springframework.jdbc.core.namedparam.NamedParameterJdbcTemplate">
        <constructor-arg name="dataSource" ref="dataSource"/>
    </bean>

    <bean id="ticketDao" class="com.epam.brest2019.courses.dao.TicketDaoJdbcImpl">
        <constructor-arg name="namedParameterJdbcTemplate" ref="namedParameterJdbcTemplate"/>
    </bean>

    <!--<bean id="employeeDao" class="com.epam.brest2019.courses.dao.EmployeeDaoJdbcImpl">-->
        <!--<constructor-arg name="namedParameterJdbcTemplate" ref="namedParameterJdbcTemplate"/>-->
    <!--</bean>-->
</beans>