<?xml version="1.0" encoding="UTF-8"?>
<beans xmlns:xsi="http://www.w3.org/2001/XMLSchema-instance"
       xmlns="http://www.springframework.org/schema/beans" xmlns:context="http://www.springframework.org/schema/context"
       xmlns:jdbc="http://www.springframework.org/schema/jdbc"
       xsi:schemaLocation="http://www.springframework.org/schema/beans
       http://www.springframework.org/schema/beans/spring-beans.xsd http://www.springframework.org/schema/context
       http://www.springframework.org/schema/context/spring-context.xsd http://www.springframework.org/schema/jdbc http://www.springframework.org/schema/jdbc/spring-jdbc.xsd">


    <bean id="dataSource" class="org.springframework.jdbc.datasource.DriverManagerDataSource">
        <property name="driverClassName" value="org.h2.Driver"/>
        <property name="url" value="jdbc:h2:mem:test_db;MODE=MYSQL;DB_CLOSE_DELAY=-1"/>
        <property name="username" value="sa"/>
        <property name="password" value=""/>
    </bean>

    <bean id="transactionManager" class="org.springframework.jdbc.datasource.DataSourceTransactionManager">
        <property name="dataSource" ref="dataSource"/>
    </bean>

    <jdbc:initialize-database>
        <jdbc:script location="classpath*:schema.sql"/>
        <jdbc:script location="classpath*:data.sql"/>
    </jdbc:initialize-database>

    <context:component-scan base-package="com.epam.brest2019.courses.*"/>
    <context:annotation-config />

    <context:property-placeholder location="classpath:sql_query_payment.properties, classpath:sql_query_ticket.properties"/>


    <bean id="namedParameterJdbcTemplate" class="org.springframework.jdbc.core.namedparam.NamedParameterJdbcTemplate">
        <constructor-arg name="dataSource" ref="dataSource"/>
    </bean>

    <bean id="ticketDao" class="com.epam.brest2019.courses.dao.TicketDaoJdbcImpl">
        <constructor-arg name="namedParameterJdbcTemplate" ref="namedParameterJdbcTemplate" />
    </bean>

    <bean id="paymentDao" class="com.epam.brest2019.courses.dao.PaymentDaoJdbcImpl">
        <constructor-arg name="namedParameterJdbcTemplate" ref="namedParameterJdbcTemplate" />
    </bean>
</beans>